{
  "RSpec": {
    "coverage": {
      "/Users/dev/Desktop/Test-Project/Community-app/spec/policies/comment_policy_spec.rb": {
        "lines": [
          1,
          null,
          1,
          7,
          7,
          7,
          1,
          1,
          6,
          null,
          null,
          7,
          7,
          null,
          7,
          7,
          null,
          1,
          1,
          1,
          null,
          null,
          1,
          1,
          null,
          null,
          1,
          1,
          null,
          null,
          null,
          1,
          1,
          1,
          null,
          1,
          1,
          null,
          null,
          1,
          1,
          null,
          null,
          null
        ]
      },
      "/Users/dev/Desktop/Test-Project/Community-app/spec/rails_helper.rb": {
        "lines": [
          null,
          1,
          1,
          1,
          1,
          1,
          null,
          1,
          1,
          null,
          null,
          null,
          null,
          null,
          null,
          null,
          null,
          null,
          null,
          null,
          null,
          null,
          null,
          null,
          null,
          null,
          null,
          null,
          4,
          null,
          null,
          1,
          null,
          0,
          0,
          null,
          1,
          null,
          1,
          null,
          null,
          null,
          null,
          1,
          null,
          null,
          null,
          null,
          null,
          null,
          null,
          null,
          null,
          null,
          null,
          null,
          null,
          null,
          null,
          null,
          null,
          1,
          null,
          null,
          1,
          null,
          null,
          null
        ]
      },
      "/Users/dev/Desktop/Test-Project/Community-app/config/environment.rb": {
        "lines": [
          null,
          1,
          null,
          null,
          1
        ]
      },
      "/Users/dev/Desktop/Test-Project/Community-app/config/application.rb": {
        "lines": [
          1,
          null,
          1,
          null,
          null,
          null,
          1,
          null,
          1,
          1,
          null,
          1,
          1,
          null,
          null,
          null,
          null,
          null,
          null,
          null,
          null,
          null,
          null
        ]
      },
      "/Users/dev/Desktop/Test-Project/Community-app/config/boot.rb": {
        "lines": [
          1,
          null,
          1,
          1
        ]
      },
      "/Users/dev/Desktop/Test-Project/Community-app/config/environments/test.rb": {
        "lines": [
          1,
          null,
          null,
          null,
          null,
          null,
          null,
          1,
          null,
          null,
          null,
          1,
          null,
          null,
          null,
          null,
          1,
          null,
          null,
          1,
          1,
          null,
          null,
          null,
          null,
          1,
          1,
          1,
          null,
          null,
          1,
          null,
          null,
          1,
          null,
          null,
          1,
          null,
          1,
          null,
          null,
          null,
          null,
          1,
          null,
          null,
          1,
          null,
          null,
          1,
          null,
          null,
          1,
          null,
          null,
          null,
          null,
          null,
          null,
          null
        ]
      },
      "/Users/dev/Desktop/Test-Project/Community-app/config/initializers/assets.rb": {
        "lines": [
          null,
          null,
          null,
          1,
          null,
          null,
          null,
          null,
          null,
          null,
          null,
          null
        ]
      },
      "/Users/dev/Desktop/Test-Project/Community-app/config/initializers/content_security_policy.rb": {
        "lines": [
          null,
          null,
          null,
          null,
          null,
          null,
          null,
          null,
          null,
          null,
          null,
          null,
          null,
          null,
          null,
          null,
          null,
          null,
          null,
          null,
          null,
          null,
          null,
          null,
          null
        ]
      },
      "/Users/dev/Desktop/Test-Project/Community-app/config/initializers/devise.rb": {
        "lines": [
          null,
          null,
          null,
          null,
          null,
          null,
          null,
          null,
          null,
          null,
          1,
          null,
          null,
          null,
          null,
          null,
          null,
          null,
          null,
          null,
          null,
          null,
          null,
          null,
          null,
          null,
          1,
          1,
          null,
          null,
          null,
          null,
          null,
          null,
          null,
          null,
          null,
          null,
          null,
          1,
          null,
          null,
          null,
          null,
          null,
          null,
          null,
          null,
          null,
          null,
          null,
          null,
          null,
          null,
          null,
          null,
          null,
          null,
          null,
          null,
          null,
          1,
          null,
          null,
          null,
          null,
          1,
          null,
          null,
          null,
          null,
          null,
          null,
          null,
          null,
          null,
          null,
          null,
          null,
          null,
          null,
          null,
          null,
          null,
          null,
          null,
          null,
          null,
          null,
          null,
          null,
          null,
          null,
          null,
          null,
          null,
          null,
          null,
          null,
          null,
          1,
          null,
          null,
          null,
          null,
          null,
          null,
          null,
          null,
          null,
          null,
          null,
          null,
          null,
          null,
          null,
          null,
          null,
          null,
          null,
          null,
          null,
          null,
          null,
          null,
          null,
          1,
          null,
          null,
          null,
          null,
          null,
          null,
          null,
          null,
          null,
          null,
          null,
          null,
          null,
          null,
          null,
          null,
          null,
          null,
          null,
          null,
          null,
          null,
          null,
          null,
          null,
          null,
          null,
          null,
          null,
          null,
          null,
          null,
          null,
          1,
          null,
          null,
          null,
          null,
          null,
          null,
          null,
          null,
          null,
          1,
          null,
          null,
          null,
          null,
          null,
          null,
          null,
          null,
          null,
          null,
          1,
          null,
          null,
          null,
          null,
          1,
          null,
          null,
          null,
          null,
          null,
          null,
          null,
          null,
          null,
          null,
          null,
          null,
          null,
          null,
          null,
          null,
          null,
          null,
          null,
          null,
          null,
          null,
          null,
          null,
          null,
          null,
          null,
          null,
          null,
          null,
          null,
          null,
          null,
          null,
          null,
          null,
          null,
          null,
          null,
          null,
          1,
          null,
          null,
          null,
          null,
          null,
          null,
          null,
          null,
          null,
          null,
          null,
          null,
          null,
          null,
          null,
          null,
          null,
          null,
          null,
          null,
          null,
          null,
          null,
          null,
          null,
          null,
          null,
          null,
          null,
          null,
          null,
          null,
          null,
          null,
          null,
          null,
          null,
          null,
          null,
          null,
          null,
          1,
          null,
          null,
          null,
          null,
          null,
          null,
          null,
          null,
          null,
          null,
          null,
          null,
          null,
          null,
          null,
          null,
          null,
          null,
          null,
          null,
          null,
          null,
          null,
          null,
          null,
          null,
          null,
          null,
          null,
          null,
          null,
          null,
          null,
          null,
          null,
          null,
          null,
          null,
          null,
          null,
          null,
          null
        ]
      },
      "/Users/dev/Desktop/Test-Project/Community-app/config/initializers/filter_parameter_logging.rb": {
        "lines": [
          null,
          null,
          null,
          null,
          null,
          1,
          null,
          null
        ]
      },
      "/Users/dev/Desktop/Test-Project/Community-app/config/initializers/inflections.rb": {
        "lines": [
          null,
          null,
          null,
          null,
          null,
          null,
          null,
          null,
          null,
          null,
          null,
          null,
          null,
          null,
          null,
          null
        ]
      },
      "/Users/dev/Desktop/Test-Project/Community-app/config/initializers/permissions_policy.rb": {
        "lines": [
          null,
          null,
          null,
          null,
          null,
          null,
          null,
          null,
          null,
          null,
          null
        ]
      },
      "/Users/dev/Desktop/Test-Project/Community-app/config/routes.rb": {
        "lines": [
          1,
          1,
          null,
          1,
          null,
          1,
          1,
          1,
          1,
          1,
          null,
          null,
          1,
          null,
          null,
          1,
          null,
          null,
          null,
          null,
          null
        ]
      },
      "/Users/dev/Desktop/Test-Project/Community-app/app/models/user.rb": {
        "lines": [
          1,
          1,
          null,
          null,
          1,
          null,
          null,
          1,
          1,
          1,
          null,
          1,
          null,
          1,
          10,
          null,
          null,
          1,
          4,
          null,
          null,
          1,
          94,
          null,
          null,
          1,
          96,
          null,
          null,
          1,
          0,
          null,
          null
        ]
      },
      "/Users/dev/Desktop/Test-Project/Community-app/app/models/application_record.rb": {
        "lines": [
          1,
          1,
          null
        ]
      },
      "/Users/dev/Desktop/Test-Project/Community-app/spec/support/factory_bot.rb": {
        "lines": [
          1,
          null,
          1,
          1,
          1,
          null
        ]
      },
      "/Users/dev/Desktop/Test-Project/Community-app/spec/factories.rb": {
        "lines": [
          1,
          null,
          1,
          1,
          108,
          108,
          108,
          null,
          null,
          null,
          1,
          1,
          56,
          1,
          null,
          null,
          null,
          1,
          1,
          1,
          1,
          1,
          null,
          null,
          null,
          1,
          1,
          28,
          28,
          1,
          1,
          null,
          null,
          null,
          1,
          1,
          10,
          1,
          1,
          null,
          1,
          9,
          null,
          null,
          null
        ]
      },
      "/Users/dev/Desktop/Test-Project/Community-app/spec/support/chrome.rb": {
        "lines": [
          1,
          1,
          24,
          0,
          null,
          24,
          null,
          null,
          null
        ]
      },
      "/Users/dev/Desktop/Test-Project/Community-app/app/helpers/application_helper.rb": {
        "lines": [
          1,
          1,
          null
        ]
      },
      "/Users/dev/Desktop/Test-Project/Community-app/app/helpers/groups_helper.rb": {
        "lines": [
          1,
          null
        ]
      },
      "/Users/dev/Desktop/Test-Project/Community-app/spec/support/feature_helpers.rb": {
        "lines": [
          1,
          1,
          17,
          17,
          null,
          17,
          null,
          null,
          1,
          17,
          17,
          null,
          17,
          null,
          null,
          null,
          1,
          1,
          null
        ]
      },
      "/Users/dev/Desktop/Test-Project/Community-app/app/policies/comment_policy.rb": {
        "lines": [
          1,
          1,
          4,
          null,
          null,
          1,
          3,
          null,
          null,
          1,
          null,
          1,
          7,
          null,
          null,
          1,
          4,
          null,
          null
        ]
      },
      "/Users/dev/Desktop/Test-Project/Community-app/app/policies/application_policy.rb": {
        "lines": [
          null,
          null,
          1,
          1,
          null,
          1,
          49,
          49,
          null,
          null,
          1,
          0,
          null,
          null,
          1,
          0,
          null,
          null,
          1,
          0,
          null,
          null,
          1,
          0,
          null,
          null,
          1,
          0,
          null,
          null,
          1,
          0,
          null,
          null,
          1,
          0,
          null,
          null,
          1,
          1,
          0,
          0,
          null,
          null,
          1,
          0,
          null,
          null,
          1,
          null,
          1,
          null,
          null
        ]
      },
      "/Users/dev/Desktop/Test-Project/Community-app/spec/policies/group_membership_policy_spec.rb": {
        "lines": [
          1,
          null,
          1,
          2,
          1,
          1,
          null,
          null,
          2,
          null,
          1,
          1,
          1,
          null,
          null,
          null
        ]
      },
      "/Users/dev/Desktop/Test-Project/Community-app/app/policies/group_policy.rb": {
        "lines": [
          1,
          1,
          2,
          null,
          null,
          1,
          3,
          null,
          null,
          1,
          21,
          null,
          null,
          1,
          null,
          1,
          2,
          null,
          null,
          1,
          21,
          null,
          null
        ]
      },
      "/Users/dev/Desktop/Test-Project/Community-app/spec/policies/group_policy_spec.rb": {
        "lines": [
          1,
          null,
          1,
          7,
          7,
          2,
          1,
          6,
          null,
          null,
          7,
          7,
          null,
          1,
          1,
          1,
          null,
          null,
          null,
          1,
          1,
          1,
          null,
          null,
          1,
          1,
          null,
          null,
          null,
          1,
          1,
          1,
          null,
          null,
          1,
          1,
          null,
          null,
          1,
          1,
          null,
          null,
          null
        ]
      },
      "/Users/dev/Desktop/Test-Project/Community-app/spec/policies/post_policy_spec.rb": {
        "lines": [
          1,
          null,
          1,
          10,
          10,
          10,
          2,
          1,
          9,
          null,
          null,
          10,
          10,
          null,
          10,
          null,
          1,
          1,
          1,
          null,
          null,
          1,
          1,
          null,
          null,
          1,
          1,
          null,
          null,
          null,
          1,
          1,
          1,
          null,
          1,
          1,
          null,
          null,
          1,
          1,
          null,
          null,
          null,
          1,
          1,
          1,
          null,
          null,
          1,
          1,
          null,
          null,
          1,
          1,
          null,
          null,
          null
        ]
      },
      "/Users/dev/Desktop/Test-Project/Community-app/app/policies/post_policy.rb": {
        "lines": [
          1,
          1,
          0,
          null,
          null,
          1,
          3,
          null,
          null,
          1,
          4,
          null,
          null,
          1,
          8,
          null,
          null,
          1,
          null,
          1,
          7,
          null,
          null,
          1,
          4,
          null,
          null,
          1,
          8,
          null,
          null
        ]
      },
      "/Users/dev/Desktop/Test-Project/Community-app/spec/system/comment_spec.rb": {
        "lines": [
          1,
          1,
          1,
          4,
          4,
          1,
          3,
          null,
          null,
          4,
          4,
          4,
          4,
          null,
          1,
          3,
          3,
          3,
          null,
          null,
          1,
          1,
          1,
          1,
          null,
          null,
          1,
          1,
          1,
          null,
          1,
          null,
          null,
          1,
          1,
          null,
          1,
          null,
          1,
          null,
          null
        ]
      },
      "/Users/dev/Desktop/Test-Project/Community-app/spec/system/group_spec.rb": {
        "lines": [
          1,
          null,
          1,
          6,
          1,
          1,
          5,
          null,
          null,
          1,
          5,
          null,
          1,
          5,
          null,
          6,
          6,
          null,
          1,
          5,
          null,
          null,
          1,
          1,
          1,
          1,
          1,
          1,
          1,
          null,
          null,
          1,
          1,
          null,
          1,
          1,
          1,
          null,
          null,
          1,
          1,
          null,
          1,
          1,
          1,
          null,
          1,
          null,
          1,
          null,
          1,
          null,
          null,
          1,
          1,
          1,
          1,
          1,
          null,
          null,
          1,
          1,
          1,
          1,
          null,
          null
        ]
      },
      "/Users/dev/Desktop/Test-Project/Community-app/spec/system/login_spec.rb": {
        "lines": [
          1,
          null,
          1,
          3,
          1,
          1,
          2,
          null,
          null,
          1,
          2,
          null,
          1,
          2,
          null,
          1,
          3,
          null,
          1,
          1,
          1,
          1,
          null,
          1,
          null,
          1,
          null,
          null,
          1,
          1,
          1,
          1,
          null,
          1,
          1,
          null,
          null
        ]
      },
      "/Users/dev/Desktop/Test-Project/Community-app/spec/system/post_spec.rb": {
        "lines": [
          1,
          null,
          1,
          10,
          10,
          1,
          9,
          null,
          null,
          10,
          10,
          10,
          null,
          1,
          1,
          5,
          5,
          null,
          null,
          1,
          1,
          null,
          null,
          1,
          1,
          1,
          null,
          1,
          null,
          1,
          1,
          null,
          null,
          1,
          1,
          1,
          null,
          1,
          1,
          null,
          1,
          1,
          1,
          null,
          null,
          1,
          null,
          1,
          1,
          null,
          null,
          1,
          1,
          1,
          null,
          1,
          null,
          1,
          1,
          null,
          null,
          1,
          1,
          1,
          1,
          null,
          null,
          null,
          1,
          1,
          4,
          4,
          null,
          null,
          1,
          1,
          null,
          null,
          1,
          1,
          1,
          null,
          1,
          null,
          1,
          1,
          null,
          null,
          1,
          1,
          1,
          1,
          null,
          null,
          1,
          1,
          1,
          1,
          null,
          null,
          null
        ]
      },
      "/Users/dev/Desktop/Test-Project/Community-app/spec/system/registration_spec.rb": {
        "lines": [
          1,
          1,
          null,
          1,
          3,
          null,
          1,
          5,
          null,
          1,
          1,
          null,
          1,
          1,
          1,
          null,
          null,
          1,
          1,
          null,
          1,
          null,
          1,
          1,
          null,
          null,
          1,
          1,
          1,
          1,
          null,
          1,
          null,
          1,
          null,
          null,
          1,
          1,
          1,
          1,
          1,
          null,
          1,
          null,
          1,
          null,
          null,
          1,
          1,
          1,
          1,
          1,
          null,
          1,
          null,
          1,
          null,
          null
        ]
      },
      "/Users/dev/Desktop/Test-Project/Community-app/app/models/group.rb": {
        "lines": [
          1,
          null,
          1,
          null,
          1,
          1,
          1,
          1,
          78,
          null,
          null,
          null,
          1,
          1,
          null,
          1,
          1,
          null,
          null,
          1,
          1,
          null,
          null,
          1,
          18,
          null,
          null,
          1,
          0,
          0,
          null,
          0,
          null,
          null,
          null
        ]
      },
      "/Users/dev/Desktop/Test-Project/Community-app/app/models/group_membership.rb": {
        "lines": [
          1,
          null,
          1,
          null,
          1,
          1,
          null,
          1,
          1,
          null
        ]
      },
      "/Users/dev/Desktop/Test-Project/Community-app/app/models/post.rb": {
        "lines": [
          1,
          null,
          1,
          1,
          null,
          1,
          null,
          1,
          1,
          null
        ]
      },
      "/Users/dev/Desktop/Test-Project/Community-app/app/models/comment.rb": {
        "lines": [
          1,
          1,
          1,
          1,
          null,
          1,
          null,
          10,
          null,
          1,
          1,
          null
        ]
      },
      "/Users/dev/Desktop/Test-Project/Community-app/app/controllers/application_controller.rb": {
        "lines": [
          1,
          1,
          1,
          null,
          1,
          1,
          null,
          1,
          1,
          1,
          1,
          1,
          null,
          1,
          18,
          null,
          null,
          1,
          0,
          null,
          null,
          1,
          null,
          1,
          49,
          null,
          null
        ]
      },
      "/Users/dev/Desktop/Test-Project/Community-app/app/controllers/concerns/rescuable.rb": {
        "lines": [
          1,
          1,
          null,
          null,
          1,
          null,
          1,
          1,
          1,
          1,
          1,
          null,
          1,
          0,
          null,
          null,
          null,
          1,
          0,
          0,
          null,
          null,
          1,
          0,
          null,
          null,
          1,
          0,
          null,
          null,
          null
        ]
      },
      "/Users/dev/Desktop/Test-Project/Community-app/app/components/header_component.rb": {
        "lines": [
          null,
          null,
          1,
          1,
          72,
          null,
          null,
          1,
          114,
          null,
          null,
          1,
          0,
          null,
          null,
          1,
          42,
          null,
          null
        ]
      },
      "/Users/dev/Desktop/Test-Project/Community-app/app/controllers/groups_controller.rb": {
        "lines": [
          1,
          1,
          null,
          1,
          18,
          null,
          null,
          1,
          18,
          18,
          null,
          null,
          1,
          2,
          null,
          null,
          1,
          1,
          1,
          null,
          1,
          null,
          1,
          1,
          1,
          2,
          1,
          null,
          0,
          null,
          null,
          null,
          null,
          1,
          0,
          null,
          0,
          0,
          0,
          0,
          null,
          null,
          null,
          null,
          1,
          0,
          null,
          0,
          null,
          null,
          1,
          0,
          null,
          0,
          0,
          null,
          null,
          null,
          1,
          0,
          null,
          0,
          0,
          null,
          null,
          null,
          1,
          null,
          1,
          0,
          null,
          null,
          1,
          1,
          null,
          null,
          1,
          1,
          1,
          null,
          null
        ]
      },
      "/Users/dev/Desktop/Test-Project/Community-app/app/components/group_component.rb": {
        "lines": [
          null,
          null,
          1,
          1,
          33,
          33,
          null,
          null,
          1,
          33,
          null,
          null,
          1,
          33,
          null,
          null,
          1,
          33,
          null,
          null,
          1,
          33,
          12,
          null,
          21,
          null,
          null,
          null
        ]
      },
      "/Users/dev/Desktop/Test-Project/Community-app/app/components/post_form_component.rb": {
        "lines": [
          null,
          null,
          1,
          1,
          19,
          19,
          null,
          null,
          1,
          null
        ]
      },
      "/Users/dev/Desktop/Test-Project/Community-app/app/components/member_component.rb": {
        "lines": [
          null,
          null,
          1,
          1,
          null,
          1,
          35,
          35,
          35,
          null,
          null,
          1,
          60,
          null,
          null,
          1,
          35,
          null,
          null,
          1,
          35,
          null,
          null,
          1,
          25,
          null,
          null,
          1,
          35,
          null,
          null,
          1,
          null,
          1,
          35,
          null,
          null,
          1,
          84,
          null,
          null,
          1,
          12,
          null,
          null,
          1,
          0,
          null,
          null
        ]
      },
      "/Users/dev/Desktop/Test-Project/Community-app/app/components/post_component.rb": {
        "lines": [
          null,
          null,
          1,
          1,
          24,
          24,
          24,
          null,
          null,
          1,
          null,
          1,
          19,
          null,
          null,
          1,
          6,
          null,
          null,
          1,
          19,
          null,
          null,
          1,
          19,
          null,
          null,
          1,
          48,
          null,
          null,
          1,
          24,
          null,
          null,
          1,
          24,
          null,
          null,
          1,
          0,
          null,
          null,
          1,
          19,
          3,
          null,
          16,
          null,
          null,
          null
        ]
      },
      "/Users/dev/Desktop/Test-Project/Community-app/app/controllers/posts_controller.rb": {
        "lines": [
          1,
          1,
          2,
          2,
          null,
          2,
          2,
          null,
          null,
          null,
          1,
          1,
          null,
          null,
          1,
          1,
          null,
          1,
          null,
          1,
          1,
          null,
          0,
          null,
          null,
          null,
          1,
          5,
          5,
          null,
          5,
          null,
          null,
          1,
          1,
          null,
          1,
          1,
          null,
          null,
          null,
          1,
          null,
          1,
          3,
          null,
          null
        ]
      },
      "/Users/dev/Desktop/Test-Project/Community-app/app/components/comment_component.rb": {
        "lines": [
          null,
          null,
          1,
          1,
          15,
          15,
          null,
          null,
          1,
          0,
          null,
          null,
          1,
          null,
          1,
          0,
          null,
          null,
          1,
          5,
          null,
          null,
          1,
          5,
          null,
          null,
          1,
          30,
          null,
          null,
          1,
          15,
          null,
          null,
          1,
          10,
          null,
          null,
          1,
          5,
          null,
          null,
          1,
          0,
          null,
          null,
          1,
          5,
          null,
          null
        ]
      },
      "/Users/dev/Desktop/Test-Project/Community-app/app/components/comment_form_component.rb": {
        "lines": [
          null,
          null,
          1,
          1,
          10,
          10,
          10,
          null,
          null,
          1,
          10,
          null,
          null,
          1,
          null
        ]
      },
      "/Users/dev/Desktop/Test-Project/Community-app/app/components/reply_comment_form_component.rb": {
        "lines": [
          null,
          null,
          1,
          1,
          5,
          5,
          null,
          null,
          1,
          5,
          null,
          null,
          1,
          10,
          null,
          null,
          1,
          null,
          1,
          5,
          null,
          null
        ]
      },
      "/Users/dev/Desktop/Test-Project/Community-app/app/controllers/comments_controller.rb": {
        "lines": [
          1,
          1,
          null,
          1,
          1,
          1,
          null,
          1,
          1,
          2,
          null,
          0,
          null,
          null,
          null,
          null,
          1,
          0,
          0,
          null,
          null,
          1,
          1,
          null,
          1,
          null,
          1,
          2,
          null,
          null,
          null,
          1,
          null,
          1,
          1,
          null,
          null,
          1,
          1,
          1,
          null,
          null,
          1,
          1,
          1,
          0,
          null,
          null,
          null
        ]
      },
      "/Users/dev/Desktop/Test-Project/Community-app/app/components/empty_box_component.rb": {
        "lines": [
          null,
          null,
          1,
          1,
          1,
          null,
          null,
          1,
          1,
          null,
          null
        ]
      },
      "/Users/dev/Desktop/Test-Project/Community-app/app/components/turbo_modal_component.rb": {
        "lines": [
          null,
          null,
          1,
          1,
          1,
          3,
          null,
          null
        ]
      },
      "/Users/dev/Desktop/Test-Project/Community-app/app/controllers/group_types_controller.rb": {
        "lines": [
          1,
          null,
          1,
          1,
          null,
          1,
          2,
          null,
          null,
          null,
          1,
          1,
          null,
          1,
          2,
          null,
          null,
          null
        ]
      },
      "/Users/dev/Desktop/Test-Project/Community-app/app/controllers/group_memberships_controller.rb": {
        "lines": [
          1,
          1,
          0,
          0,
          null,
          0,
          null,
          0,
          0,
          null,
          null,
          null,
          1,
          1,
          null,
          1,
          null,
          1,
          1,
          null,
          null,
          null,
          1,
          null,
          1,
          0,
          null,
          null
        ]
      },
      "/Users/dev/Desktop/Test-Project/Community-app/app/policies/group_membership_policy.rb": {
        "lines": [
          1,
          1,
          1,
          null,
          null,
          1,
          0,
          null,
          null,
          1,
          null,
          1,
          1,
          null,
          null
        ]
      }
    },
    "timestamp": 1663800479
  }
}
